<svg height="520" version="1.1" width="750" xmlns="http://www.w3.org/2000/svg" xmlns:xlink="http://www.w3.org/1999/xlink"><desc>Created with Snap</desc><defs><marker viewBox="0 0 20 20" markerWidth="10" markerHeight="10" orient="auto" refX="0" refY="5" id="markerSjzjvxbr71z"><polygon points="0,10,5,10,2.5,0,0,10" transform="matrix(0,1,-1,0,7.5,2.5)"></polygon></marker><marker viewBox="0 0 20 20" markerWidth="10" markerHeight="10" orient="auto" refX="0" refY="5" id="markerSjzjvxbr729"><polygon points="0,10,5,10,2.5,0,0,10" transform="matrix(0,1,-1,0,7.5,2.5)"></polygon></marker><marker viewBox="0 0 20 20" markerWidth="10" markerHeight="10" orient="auto" refX="0" refY="5" id="markerSjzjvxbr72j"><polygon points="0,10,5,10,2.5,0,0,10" transform="matrix(0,1,-1,0,7.5,2.5)"></polygon></marker><marker viewBox="0 0 20 20" markerWidth="10" markerHeight="10" orient="auto" refX="0" refY="5" id="markerSjzjvxbr72u"><polygon points="0,10,5,10,2.5,0,0,10" transform="matrix(0,1,-1,0,7.5,2.5)"></polygon></marker></defs><g><rect x="0" y="0" width="740" height="510" rx="5" ry="5" fill="#ffffff" style=""></rect><g><text x="680" y="120" style="font-size: 15px; text-anchor: middle;"><tspan>Nested Loop Inner</tspan><tspan dy="1.2em" x="680">Join</tspan></text><image xlink:href="data:image/svg+xml;base64,PHN2ZyBoZWlnaHQ9IjEwMCUiIHZlcnNpb249IjEuMSIgd2lkdGg9IjEwMCUiIHhtbG5zPSJodHRwOi8vd3d3LnczLm9yZy8yMDAwL3N2ZyI+PGRlc2M+Q3JlYXRlZCB3aXRoIFNuYXA8L2Rlc2M+PGRlZnM+PC9kZWZzPjxzdmcgaWQ9Il8xIiBkYXRhLW5hbWU9IjEiIHhtbG5zPSJodHRwOi8vd3d3LnczLm9yZy8yMDAwL3N2ZyIgdmlld0JveD0iMCAwIDY0IDY0Ij48ZGVmcz48c3R5bGU+LmNscy0xLC5jbHMtM3tmaWxsOm5vbmU7c3Ryb2tlLWxpbmVjYXA6cm91bmQ7c3Ryb2tlLWxpbmVqb2luOnJvdW5kO3N0cm9rZS13aWR0aDoycHg7fS5jbHMtMXtzdHJva2U6IzY2NmJkMTt9LmNscy0ye2ZpbGw6IzY2NmJkMTt9LmNscy0ze3N0cm9rZTojOGQ4MTE5O30uY2xzLTR7ZmlsbDojOGQ4MTE5O308L3N0eWxlPjwvZGVmcz48dGl0bGU+ZXhfbmVzdGVkPC90aXRsZT48cGF0aCBjbGFzcz0iY2xzLTEiIGQ9Ik0xNy4yMywyMGE2LDYsMCwwLDEsNi02aDIyYTYsNiwwLDAsMSw2LDZWNDRhNiw2LDAsMCwxLTYsNmgtMjJhNiw2LDAsMCwxLTYtNlYzMi4yNyI+PC9wYXRoPjxwb2x5Z29uIGNsYXNzPSJjbHMtMiIgcG9pbnRzPSIxNy4yMyAyNy4zMSAxMi43NyAzMy4yNiAyMS42OCAzMy4yNiAxNy4yMyAyNy4zMSI+PC9wb2x5Z29uPjxwYXRoIGNsYXNzPSJjbHMtMyIgZD0iTTI0LjIzLDI1YzAtMy4zLjctNCw0LTRoMTJjMy4zLDAsNCwuNyw0LDRWMzljMCwzLjMtLjcsNC00LDRIMjguNzJjLTMuMywwLTQtLjctNC00VjMzLjcyIj48L3BhdGg+PHBvbHlnb24gY2xhc3M9ImNscy00IiBwb2ludHM9IjI0LjY3IDMxLjM0IDIwLjcxIDM2LjEgMjguMjMgMzYuMSAyNC42NyAzMS4zNCI+PC9wb2x5Z29uPjwvc3ZnPjwvc3ZnPg==" preserveAspectRatio="none" x="650" y="50" width="50" height="50"><title>parse: true
Node Type: Nested Loop
Parallel Aware: false
Join Type: Inner
Startup Cost: 0.43
Total Cost: 25.1
Plan Rows: 1
Plan Width: 2232
Inner Unique: true
</title></image></g><g><text x="380" y="120" style="font-size: 15px; text-anchor: middle;"><tspan>Nested Loop Inner</tspan><tspan dy="1.2em" x="380">Join</tspan></text><line x1="425" x2="488.3333333333333" y1="75" y2="75" stroke="#000000" style="stroke-width: 4;"></line><line x1="487.3333333333333" x2="551.6666666666666" y1="75" y2="75" stroke="#000000" style="stroke-width: 4;"></line><line x1="551.6666666666666" x2="615" y1="75" y2="75" stroke="#000000" style="stroke-width: 4; marker-end: url(&quot;#markerSjzjvxbr71z&quot;);"></line><image xlink:href="data:image/svg+xml;base64,PHN2ZyBoZWlnaHQ9IjEwMCUiIHZlcnNpb249IjEuMSIgd2lkdGg9IjEwMCUiIHhtbG5zPSJodHRwOi8vd3d3LnczLm9yZy8yMDAwL3N2ZyI+PGRlc2M+Q3JlYXRlZCB3aXRoIFNuYXA8L2Rlc2M+PGRlZnM+PC9kZWZzPjxzdmcgaWQ9Il8xIiBkYXRhLW5hbWU9IjEiIHhtbG5zPSJodHRwOi8vd3d3LnczLm9yZy8yMDAwL3N2ZyIgdmlld0JveD0iMCAwIDY0IDY0Ij48ZGVmcz48c3R5bGU+LmNscy0xLC5jbHMtM3tmaWxsOm5vbmU7c3Ryb2tlLWxpbmVjYXA6cm91bmQ7c3Ryb2tlLWxpbmVqb2luOnJvdW5kO3N0cm9rZS13aWR0aDoycHg7fS5jbHMtMXtzdHJva2U6IzY2NmJkMTt9LmNscy0ye2ZpbGw6IzY2NmJkMTt9LmNscy0ze3N0cm9rZTojOGQ4MTE5O30uY2xzLTR7ZmlsbDojOGQ4MTE5O308L3N0eWxlPjwvZGVmcz48dGl0bGU+ZXhfbmVzdGVkPC90aXRsZT48cGF0aCBjbGFzcz0iY2xzLTEiIGQ9Ik0xNy4yMywyMGE2LDYsMCwwLDEsNi02aDIyYTYsNiwwLDAsMSw2LDZWNDRhNiw2LDAsMCwxLTYsNmgtMjJhNiw2LDAsMCwxLTYtNlYzMi4yNyI+PC9wYXRoPjxwb2x5Z29uIGNsYXNzPSJjbHMtMiIgcG9pbnRzPSIxNy4yMyAyNy4zMSAxMi43NyAzMy4yNiAyMS42OCAzMy4yNiAxNy4yMyAyNy4zMSI+PC9wb2x5Z29uPjxwYXRoIGNsYXNzPSJjbHMtMyIgZD0iTTI0LjIzLDI1YzAtMy4zLjctNCw0LTRoMTJjMy4zLDAsNCwuNyw0LDRWMzljMCwzLjMtLjcsNC00LDRIMjguNzJjLTMuMywwLTQtLjctNC00VjMzLjcyIj48L3BhdGg+PHBvbHlnb24gY2xhc3M9ImNscy00IiBwb2ludHM9IjI0LjY3IDMxLjM0IDIwLjcxIDM2LjEgMjguMjMgMzYuMSAyNC42NyAzMS4zNCI+PC9wb2x5Z29uPjwvc3ZnPjwvc3ZnPg==" preserveAspectRatio="none" x="350" y="50" width="50" height="50"><title>parse: true
Node Type: Nested Loop
Parent Relationship: Outer
Parallel Aware: false
Join Type: Inner
Startup Cost: 0.29
Total Cost: 16.85
Plan Rows: 1
Plan Width: 1798
Inner Unique: false
</title></image></g><g><text x="80" y="120" style="font-size: 15px; text-anchor: middle;"><tspan>sede_pkey</tspan></text><line x1="125" x2="188.33333333333334" y1="75" y2="75" stroke="#000000" style="stroke-width: 3;"></line><line x1="187.33333333333334" x2="251.66666666666669" y1="75" y2="75" stroke="#000000" style="stroke-width: 3;"></line><line x1="251.66666666666669" x2="315" y1="75" y2="75" stroke="#000000" style="stroke-width: 3; marker-end: url(&quot;#markerSjzjvxbr729&quot;);"></line><image xlink:href="data:image/svg+xml;base64,PHN2ZyBoZWlnaHQ9IjEwMCUiIHZlcnNpb249IjEuMSIgd2lkdGg9IjEwMCUiIHhtbG5zPSJodHRwOi8vd3d3LnczLm9yZy8yMDAwL3N2ZyI+PGRlc2M+Q3JlYXRlZCB3aXRoIFNuYXA8L2Rlc2M+PGRlZnM+PC9kZWZzPjxzdmcgaWQ9Il8xIiBkYXRhLW5hbWU9IjEiIHhtbG5zPSJodHRwOi8vd3d3LnczLm9yZy8yMDAwL3N2ZyIgdmlld0JveD0iMCAwIDY0IDY0Ij48ZGVmcz48c3R5bGU+LmNscy0xe2ZpbGw6bm9uZTtzdHJva2U6Izc0NzQ3NDtzdHJva2UtbGluZWNhcDpyb3VuZDtzdHJva2UtbGluZWpvaW46cm91bmQ7c3Ryb2tlLXdpZHRoOjAuNzVweDt9LmNscy0yLC5jbHMtOHtmaWxsOiNmMGVjYjY7fS5jbHMtM3tmaWxsOiNjMThmMzU7fS5jbHMtNHtmaWxsOiNhZGRmZjM7fS5jbHMtNXtmaWxsOiMyOTgwYjk7fS5jbHMtNntmaWxsOiNjMThmMzY7fS5jbHMtN3tvcGFjaXR5OjAuODt9LmNscy04e3N0cm9rZTojYzE4ZjM2O3N0cm9rZS1taXRlcmxpbWl0OjEwO308L3N0eWxlPjwvZGVmcz48dGl0bGU+ZXhfaW5kZXhfc2NhbjwvdGl0bGU+PGxpbmUgY2xhc3M9ImNscy0xIiB4MT0iMTMuODUiIHkxPSIzNi4yMyIgeDI9IjE5LjEyIiB5Mj0iNDQuNyI+PC9saW5lPjxsaW5lIGNsYXNzPSJjbHMtMSIgeDE9IjEzLjg1IiB5MT0iMzYuMjMiIHgyPSIxOS4wOSIgeTI9IjI3LjkyIj48L2xpbmU+PGxpbmUgY2xhc3M9ImNscy0xIiB4MT0iMjcuNjQiIHkxPSI0NC4zMyIgeDI9IjM1LjY0IiB5Mj0iNTAuMjMiPjwvbGluZT48bGluZSBjbGFzcz0iY2xzLTEiIHgxPSIyNy42NCIgeTE9IjQ0LjMzIiB4Mj0iMzUuNjQiIHkyPSIzOC45MiI+PC9saW5lPjxyZWN0IGNsYXNzPSJjbHMtMiIgeD0iMTkuMjYiIHk9IjQxLjY1IiB3aWR0aD0iNy45OCIgaGVpZ2h0PSI1LjY5IiByeD0iMS41IiByeT0iMS41Ij48L3JlY3Q+PHBhdGggY2xhc3M9ImNscy0zIiBkPSJNMjUuNzUsNDIuMTVhMy41NCwzLjU0LDAsMCwxLC45LjA3aDBhMi40LDIuNCwwLDAsMSwuMS45M3YyLjY5YTMuMTgsMy4xOCwwLDAsMS0uMDguOXMtLjE5LjEtLjkyLjFoLTVhMy4xMSwzLjExLDAsMCwxLS45LS4wOGgwYTIuMjUsMi4yNSwwLDAsMS0uMS0uOTJWNDMuMTVhMy4xOCwzLjE4LDAsMCwxLC4wOC0uOXMuMTktLjEuOTItLjFoNW0wLTFoLTVjLTEuNjUsMC0yLC4zNS0yLDJ2Mi42OWMwLDEuNjUuMzUsMiwyLDJoNWMxLjY1LDAsMi0uMzUsMi0yVjQzLjE1YzAtMS42NS0uMzUtMi0yLTJaIj48L3BhdGg+PGxpbmUgY2xhc3M9ImNscy0xIiB4MT0iMjcuNjQiIHkxPSIyNy44MyIgeDI9IjM1LjY0IiB5Mj0iMzMuNzMiPjwvbGluZT48bGluZSBjbGFzcz0iY2xzLTEiIHgxPSIyNy42NCIgeTE9IjI3LjgzIiB4Mj0iMzUuNjQiIHkyPSIyMi40MiI+PC9saW5lPjxyZWN0IGNsYXNzPSJjbHMtMiIgeD0iMTkuMjYiIHk9IjI1LjE1IiB3aWR0aD0iNy45OCIgaGVpZ2h0PSI1LjY5IiByeD0iMS41IiByeT0iMS41Ij48L3JlY3Q+PHBhdGggY2xhc3M9ImNscy0zIiBkPSJNMjUuNzUsMjUuNjVhMy41NCwzLjU0LDAsMCwxLC45LjA3aDBhMi40LDIuNCwwLDAsMSwuMS45M3YyLjY5YTMuMTgsMy4xOCwwLDAsMS0uMDguOXMtLjE5LjEtLjkyLjFoLTVhMy4xMSwzLjExLDAsMCwxLS45LS4wOGgwYTIuMjUsMi4yNSwwLDAsMS0uMS0uOTJWMjYuNjVhMy4xOCwzLjE4LDAsMCwxLC4wOC0uOXMuMTktLjEuOTItLjFoNW0wLTFoLTVjLTEuNjUsMC0yLC4zNS0yLDJ2Mi42OWMwLDEuNjUuMzUsMiwyLDJoNWMxLjY1LDAsMi0uMzUsMi0yVjI2LjY1YzAtMS42NS0uMzUtMi0yLTJaIj48L3BhdGg+PHBhdGggY2xhc3M9ImNscy0yIiBkPSJNNi42MSw0MC44OWMtMS4zOCwwLTEuNS0uMTMtMS41LTEuNVYzNS4yaDh2NC4xOWMwLDEuMzctLjEzLDEuNS0xLjUsMS41WiI+PC9wYXRoPjxwYXRoIGNsYXNzPSJjbHMtMyIgZD0iTTEyLjU5LDM1Ljd2My42OWEyLjcsMi43LDAsMCwxLS4wOC45cy0uMTkuMS0uOTIuMWgtNWEzLDMsMCwwLDEtLjktLjA4aDBhMi40NSwyLjQ1LDAsMCwxLS4wOS0uOTJWMzUuN2g3bTEtMWgtOXY0LjY5YzAsMS42NS4zNSwyLDIsMmg1YzEuNjUsMCwyLS4zNSwyLTJWMzQuN1oiPjwvcGF0aD48cGF0aCBjbGFzcz0iY2xzLTQiIGQ9Ik01LjExLDM1LjI2VjMzLjA3YzAtMS4zOC4xMi0xLjUsMS41LTEuNWg1YzEuMzcsMCwxLjUuMTIsMS41LDEuNXYyLjE5WiI+PC9wYXRoPjxwYXRoIGNsYXNzPSJjbHMtNSIgZD0iTTExLjU5LDMyLjA3YTMuNTQsMy41NCwwLDAsMSwuOS4wN2gwYTIuMTYsMi4xNiwwLDAsMSwuMS45M3YxLjY5aC03VjMzLjA3YTMuNzEsMy43MSwwLDAsMSwuMDctLjksMi4xNiwyLjE2LDAsMCwxLC45My0uMWg1bTAtMWgtNWMtMS42NSwwLTIsLjM1LTIsMnYyLjY5aDlWMzMuMDdjMC0xLjY1LS4zNS0yLTItMloiPjwvcGF0aD48cGF0aCBjbGFzcz0iY2xzLTIiIGQ9Ik0zNS43NCw1My40N2MtMS4zOCwwLTEuNS0uMTItMS41LTEuNVYxOS41M0g1OC44OVY1MmMwLDEuMzgtLjEzLDEuNS0xLjUsMS41WiI+PC9wYXRoPjxwYXRoIGNsYXNzPSJjbHMtNiIgZD0iTTU4LjM5LDIwVjUyYTIuNywyLjcsMCwwLDEtLjA4LjlzLS4xOS4xLS45Mi4xSDM1Ljc0YTMuNTQsMy41NCwwLDAsMS0uOS0uMDdoMGEyLjE2LDIuMTYsMCwwLDEtLjEtLjkzVjIwSDU4LjM5bTEtMUgzMy43NFY1MmMwLDEuNjUuMzUsMiwyLDJINTcuMzljMS42NSwwLDItLjM1LDItMlYxOVoiPjwvcGF0aD48ZyBjbGFzcz0iY2xzLTciPjxsaW5lIGNsYXNzPSJjbHMtOCIgeDE9IjQyLjQ0IiB5MT0iNTIuOTciIHgyPSI0Mi40NCIgeTI9IjE5Ljk3Ij48L2xpbmU+PGxpbmUgY2xhc3M9ImNscy04IiB4MT0iNTAuNjMiIHkxPSI1Mi45NyIgeDI9IjUwLjYzIiB5Mj0iMTkuOTciPjwvbGluZT48bGluZSBjbGFzcz0iY2xzLTgiIHgxPSIzNC43MyIgeTE9IjI3Ljk3IiB4Mj0iNTguMzciIHkyPSIyNy45NyI+PC9saW5lPjxsaW5lIGNsYXNzPSJjbHMtOCIgeDE9IjM0LjczIiB5MT0iMzYuMzQiIHgyPSI1OC4zNyIgeTI9IjM2LjM0Ij48L2xpbmU+PGxpbmUgY2xhc3M9ImNscy04IiB4MT0iMzQuNzMiIHkxPSI0NC43MSIgeDI9IjU4LjM3IiB5Mj0iNDQuNzEiPjwvbGluZT48L2c+PHBhdGggY2xhc3M9ImNscy00IiBkPSJNNTAuNywxOS41M3YtOWg2LjY5YzEuMzgsMCwxLjUuMTIsMS41LDEuNXY3LjVaIj48L3BhdGg+PHBhdGggY2xhc3M9ImNscy01IiBkPSJNNTcuMzksMTFhMy40NCwzLjQ0LDAsMCwxLC45LjA3aDBhMi42MiwyLjYyLDAsMCwxLC4wOS45M3Y3SDUxLjJWMTFoNi4xOW0wLTFINTAuMlYyMGg5LjE5VjEyYzAtMS42NS0uMzUtMi0yLTJaIj48L3BhdGg+PHBhdGggY2xhc3M9ImNscy00IiBkPSJNMzQuMjMsMTkuNTNWMTJjMC0xLjM4LjEzLTEuNSwxLjUtMS41aDYuN3Y5WiI+PC9wYXRoPjxwYXRoIGNsYXNzPSJjbHMtNSIgZD0iTTQxLjkzLDExdjhoLTcuMlYxMmEzLjE4LDMuMTgsMCwwLDEsLjA4LS45LDIuMDgsMi4wOCwwLDAsMSwuOTItLjFoNi4ybTEtMWgtNy4yYy0xLjY1LDAtMiwuMzUtMiwydjhoOS4yVjEwWiI+PC9wYXRoPjxyZWN0IGNsYXNzPSJjbHMtNCIgeD0iNDIuNDUiIHk9IjEwLjUzIiB3aWR0aD0iOC4xNyIgaGVpZ2h0PSI5Ij48L3JlY3Q+PHBhdGggY2xhc3M9ImNscy01IiBkPSJNNTAuMTIsMTF2OEg0M1YxMWg3LjE3bTEtMUg0MlYyMGg5LjE3VjEwWiI+PC9wYXRoPjwvc3ZnPjwvc3ZnPg==" preserveAspectRatio="none" x="50" y="50" width="50" height="50"><title>parse: true
Node Type: Index Scan
Parent Relationship: Outer
Parallel Aware: false
Scan Direction: Forward
Index Name: sede_pkey
Relation Name: sede
Alias: s
Startup Cost: 0.14
Total Cost: 8.16
Plan Rows: 1
Plan Width: 732
Index Cond: ((nombre_sede)::text = 'barrio colombia'::text)
</title></image></g><g><text x="80" y="280" style="font-size: 15px; text-anchor: middle;"><tspan>ambiente_pkey</tspan></text><line x1="125" x2="188.33333333333334" y1="235" y2="235" stroke="#000000" style="stroke-width: 4;"></line><line x1="187.33333333333334" x2="251.66666666666669" y1="235" y2="75" stroke="#000000" style="stroke-width: 4;"></line><line x1="251.66666666666669" x2="315" y1="75" y2="75" stroke="#000000" style="stroke-width: 4; marker-end: url(&quot;#markerSjzjvxbr72j&quot;);"></line><image xlink:href="data:image/svg+xml;base64,PHN2ZyBoZWlnaHQ9IjEwMCUiIHZlcnNpb249IjEuMSIgd2lkdGg9IjEwMCUiIHhtbG5zPSJodHRwOi8vd3d3LnczLm9yZy8yMDAwL3N2ZyI+PGRlc2M+Q3JlYXRlZCB3aXRoIFNuYXA8L2Rlc2M+PGRlZnM+PC9kZWZzPjxzdmcgaWQ9Il8xIiBkYXRhLW5hbWU9IjEiIHhtbG5zPSJodHRwOi8vd3d3LnczLm9yZy8yMDAwL3N2ZyIgdmlld0JveD0iMCAwIDY0IDY0Ij48ZGVmcz48c3R5bGU+LmNscy0xe2ZpbGw6bm9uZTtzdHJva2U6Izc0NzQ3NDtzdHJva2UtbGluZWNhcDpyb3VuZDtzdHJva2UtbGluZWpvaW46cm91bmQ7c3Ryb2tlLXdpZHRoOjAuNzVweDt9LmNscy0yLC5jbHMtOHtmaWxsOiNmMGVjYjY7fS5jbHMtM3tmaWxsOiNjMThmMzU7fS5jbHMtNHtmaWxsOiNhZGRmZjM7fS5jbHMtNXtmaWxsOiMyOTgwYjk7fS5jbHMtNntmaWxsOiNjMThmMzY7fS5jbHMtN3tvcGFjaXR5OjAuODt9LmNscy04e3N0cm9rZTojYzE4ZjM2O3N0cm9rZS1taXRlcmxpbWl0OjEwO308L3N0eWxlPjwvZGVmcz48dGl0bGU+ZXhfaW5kZXhfc2NhbjwvdGl0bGU+PGxpbmUgY2xhc3M9ImNscy0xIiB4MT0iMTMuODUiIHkxPSIzNi4yMyIgeDI9IjE5LjEyIiB5Mj0iNDQuNyI+PC9saW5lPjxsaW5lIGNsYXNzPSJjbHMtMSIgeDE9IjEzLjg1IiB5MT0iMzYuMjMiIHgyPSIxOS4wOSIgeTI9IjI3LjkyIj48L2xpbmU+PGxpbmUgY2xhc3M9ImNscy0xIiB4MT0iMjcuNjQiIHkxPSI0NC4zMyIgeDI9IjM1LjY0IiB5Mj0iNTAuMjMiPjwvbGluZT48bGluZSBjbGFzcz0iY2xzLTEiIHgxPSIyNy42NCIgeTE9IjQ0LjMzIiB4Mj0iMzUuNjQiIHkyPSIzOC45MiI+PC9saW5lPjxyZWN0IGNsYXNzPSJjbHMtMiIgeD0iMTkuMjYiIHk9IjQxLjY1IiB3aWR0aD0iNy45OCIgaGVpZ2h0PSI1LjY5IiByeD0iMS41IiByeT0iMS41Ij48L3JlY3Q+PHBhdGggY2xhc3M9ImNscy0zIiBkPSJNMjUuNzUsNDIuMTVhMy41NCwzLjU0LDAsMCwxLC45LjA3aDBhMi40LDIuNCwwLDAsMSwuMS45M3YyLjY5YTMuMTgsMy4xOCwwLDAsMS0uMDguOXMtLjE5LjEtLjkyLjFoLTVhMy4xMSwzLjExLDAsMCwxLS45LS4wOGgwYTIuMjUsMi4yNSwwLDAsMS0uMS0uOTJWNDMuMTVhMy4xOCwzLjE4LDAsMCwxLC4wOC0uOXMuMTktLjEuOTItLjFoNW0wLTFoLTVjLTEuNjUsMC0yLC4zNS0yLDJ2Mi42OWMwLDEuNjUuMzUsMiwyLDJoNWMxLjY1LDAsMi0uMzUsMi0yVjQzLjE1YzAtMS42NS0uMzUtMi0yLTJaIj48L3BhdGg+PGxpbmUgY2xhc3M9ImNscy0xIiB4MT0iMjcuNjQiIHkxPSIyNy44MyIgeDI9IjM1LjY0IiB5Mj0iMzMuNzMiPjwvbGluZT48bGluZSBjbGFzcz0iY2xzLTEiIHgxPSIyNy42NCIgeTE9IjI3LjgzIiB4Mj0iMzUuNjQiIHkyPSIyMi40MiI+PC9saW5lPjxyZWN0IGNsYXNzPSJjbHMtMiIgeD0iMTkuMjYiIHk9IjI1LjE1IiB3aWR0aD0iNy45OCIgaGVpZ2h0PSI1LjY5IiByeD0iMS41IiByeT0iMS41Ij48L3JlY3Q+PHBhdGggY2xhc3M9ImNscy0zIiBkPSJNMjUuNzUsMjUuNjVhMy41NCwzLjU0LDAsMCwxLC45LjA3aDBhMi40LDIuNCwwLDAsMSwuMS45M3YyLjY5YTMuMTgsMy4xOCwwLDAsMS0uMDguOXMtLjE5LjEtLjkyLjFoLTVhMy4xMSwzLjExLDAsMCwxLS45LS4wOGgwYTIuMjUsMi4yNSwwLDAsMS0uMS0uOTJWMjYuNjVhMy4xOCwzLjE4LDAsMCwxLC4wOC0uOXMuMTktLjEuOTItLjFoNW0wLTFoLTVjLTEuNjUsMC0yLC4zNS0yLDJ2Mi42OWMwLDEuNjUuMzUsMiwyLDJoNWMxLjY1LDAsMi0uMzUsMi0yVjI2LjY1YzAtMS42NS0uMzUtMi0yLTJaIj48L3BhdGg+PHBhdGggY2xhc3M9ImNscy0yIiBkPSJNNi42MSw0MC44OWMtMS4zOCwwLTEuNS0uMTMtMS41LTEuNVYzNS4yaDh2NC4xOWMwLDEuMzctLjEzLDEuNS0xLjUsMS41WiI+PC9wYXRoPjxwYXRoIGNsYXNzPSJjbHMtMyIgZD0iTTEyLjU5LDM1Ljd2My42OWEyLjcsMi43LDAsMCwxLS4wOC45cy0uMTkuMS0uOTIuMWgtNWEzLDMsMCwwLDEtLjktLjA4aDBhMi40NSwyLjQ1LDAsMCwxLS4wOS0uOTJWMzUuN2g3bTEtMWgtOXY0LjY5YzAsMS42NS4zNSwyLDIsMmg1YzEuNjUsMCwyLS4zNSwyLTJWMzQuN1oiPjwvcGF0aD48cGF0aCBjbGFzcz0iY2xzLTQiIGQ9Ik01LjExLDM1LjI2VjMzLjA3YzAtMS4zOC4xMi0xLjUsMS41LTEuNWg1YzEuMzcsMCwxLjUuMTIsMS41LDEuNXYyLjE5WiI+PC9wYXRoPjxwYXRoIGNsYXNzPSJjbHMtNSIgZD0iTTExLjU5LDMyLjA3YTMuNTQsMy41NCwwLDAsMSwuOS4wN2gwYTIuMTYsMi4xNiwwLDAsMSwuMS45M3YxLjY5aC03VjMzLjA3YTMuNzEsMy43MSwwLDAsMSwuMDctLjksMi4xNiwyLjE2LDAsMCwxLC45My0uMWg1bTAtMWgtNWMtMS42NSwwLTIsLjM1LTIsMnYyLjY5aDlWMzMuMDdjMC0xLjY1LS4zNS0yLTItMloiPjwvcGF0aD48cGF0aCBjbGFzcz0iY2xzLTIiIGQ9Ik0zNS43NCw1My40N2MtMS4zOCwwLTEuNS0uMTItMS41LTEuNVYxOS41M0g1OC44OVY1MmMwLDEuMzgtLjEzLDEuNS0xLjUsMS41WiI+PC9wYXRoPjxwYXRoIGNsYXNzPSJjbHMtNiIgZD0iTTU4LjM5LDIwVjUyYTIuNywyLjcsMCwwLDEtLjA4LjlzLS4xOS4xLS45Mi4xSDM1Ljc0YTMuNTQsMy41NCwwLDAsMS0uOS0uMDdoMGEyLjE2LDIuMTYsMCwwLDEtLjEtLjkzVjIwSDU4LjM5bTEtMUgzMy43NFY1MmMwLDEuNjUuMzUsMiwyLDJINTcuMzljMS42NSwwLDItLjM1LDItMlYxOVoiPjwvcGF0aD48ZyBjbGFzcz0iY2xzLTciPjxsaW5lIGNsYXNzPSJjbHMtOCIgeDE9IjQyLjQ0IiB5MT0iNTIuOTciIHgyPSI0Mi40NCIgeTI9IjE5Ljk3Ij48L2xpbmU+PGxpbmUgY2xhc3M9ImNscy04IiB4MT0iNTAuNjMiIHkxPSI1Mi45NyIgeDI9IjUwLjYzIiB5Mj0iMTkuOTciPjwvbGluZT48bGluZSBjbGFzcz0iY2xzLTgiIHgxPSIzNC43MyIgeTE9IjI3Ljk3IiB4Mj0iNTguMzciIHkyPSIyNy45NyI+PC9saW5lPjxsaW5lIGNsYXNzPSJjbHMtOCIgeDE9IjM0LjczIiB5MT0iMzYuMzQiIHgyPSI1OC4zNyIgeTI9IjM2LjM0Ij48L2xpbmU+PGxpbmUgY2xhc3M9ImNscy04IiB4MT0iMzQuNzMiIHkxPSI0NC43MSIgeDI9IjU4LjM3IiB5Mj0iNDQuNzEiPjwvbGluZT48L2c+PHBhdGggY2xhc3M9ImNscy00IiBkPSJNNTAuNywxOS41M3YtOWg2LjY5YzEuMzgsMCwxLjUuMTIsMS41LDEuNXY3LjVaIj48L3BhdGg+PHBhdGggY2xhc3M9ImNscy01IiBkPSJNNTcuMzksMTFhMy40NCwzLjQ0LDAsMCwxLC45LjA3aDBhMi42MiwyLjYyLDAsMCwxLC4wOS45M3Y3SDUxLjJWMTFoNi4xOW0wLTFINTAuMlYyMGg5LjE5VjEyYzAtMS42NS0uMzUtMi0yLTJaIj48L3BhdGg+PHBhdGggY2xhc3M9ImNscy00IiBkPSJNMzQuMjMsMTkuNTNWMTJjMC0xLjM4LjEzLTEuNSwxLjUtMS41aDYuN3Y5WiI+PC9wYXRoPjxwYXRoIGNsYXNzPSJjbHMtNSIgZD0iTTQxLjkzLDExdjhoLTcuMlYxMmEzLjE4LDMuMTgsMCwwLDEsLjA4LS45LDIuMDgsMi4wOCwwLDAsMSwuOTItLjFoNi4ybTEtMWgtNy4yYy0xLjY1LDAtMiwuMzUtMiwydjhoOS4yVjEwWiI+PC9wYXRoPjxyZWN0IGNsYXNzPSJjbHMtNCIgeD0iNDIuNDUiIHk9IjEwLjUzIiB3aWR0aD0iOC4xNyIgaGVpZ2h0PSI5Ij48L3JlY3Q+PHBhdGggY2xhc3M9ImNscy01IiBkPSJNNTAuMTIsMTF2OEg0M1YxMWg3LjE3bTEtMUg0MlYyMGg5LjE3VjEwWiI+PC9wYXRoPjwvc3ZnPjwvc3ZnPg==" preserveAspectRatio="none" x="50" y="210" width="50" height="50"><title>parse: true
Node Type: Index Scan
Parent Relationship: Inner
Parallel Aware: false
Scan Direction: Forward
Index Name: ambiente_pkey
Relation Name: ambiente
Alias: a
Startup Cost: 0.14
Total Cost: 8.68
Plan Rows: 1
Plan Width: 1066
Index Cond: ((nombre_sede)::text = 'barrio colombia'::text)
</title></image></g><g><text x="380" y="440" style="font-size: 15px; text-anchor: middle;"><tspan>tipo_ambiente_pkey</tspan><tspan dy="1.2em" x="380">y</tspan></text><line x1="425" x2="488.3333333333333" y1="395" y2="395" stroke="#000000" style="stroke-width: 3;"></line><line x1="487.3333333333333" x2="551.6666666666666" y1="395" y2="75" stroke="#000000" style="stroke-width: 3;"></line><line x1="551.6666666666666" x2="615" y1="75" y2="75" stroke="#000000" style="stroke-width: 3; marker-end: url(&quot;#markerSjzjvxbr72u&quot;);"></line><image xlink:href="data:image/svg+xml;base64,PHN2ZyBoZWlnaHQ9IjEwMCUiIHZlcnNpb249IjEuMSIgd2lkdGg9IjEwMCUiIHhtbG5zPSJodHRwOi8vd3d3LnczLm9yZy8yMDAwL3N2ZyI+PGRlc2M+Q3JlYXRlZCB3aXRoIFNuYXA8L2Rlc2M+PGRlZnM+PC9kZWZzPjxzdmcgaWQ9Il8xIiBkYXRhLW5hbWU9IjEiIHhtbG5zPSJodHRwOi8vd3d3LnczLm9yZy8yMDAwL3N2ZyIgdmlld0JveD0iMCAwIDY0IDY0Ij48ZGVmcz48c3R5bGU+LmNscy0xe2ZpbGw6bm9uZTtzdHJva2U6Izc0NzQ3NDtzdHJva2UtbGluZWNhcDpyb3VuZDtzdHJva2UtbGluZWpvaW46cm91bmQ7c3Ryb2tlLXdpZHRoOjAuNzVweDt9LmNscy0yLC5jbHMtOHtmaWxsOiNmMGVjYjY7fS5jbHMtM3tmaWxsOiNjMThmMzU7fS5jbHMtNHtmaWxsOiNhZGRmZjM7fS5jbHMtNXtmaWxsOiMyOTgwYjk7fS5jbHMtNntmaWxsOiNjMThmMzY7fS5jbHMtN3tvcGFjaXR5OjAuODt9LmNscy04e3N0cm9rZTojYzE4ZjM2O3N0cm9rZS1taXRlcmxpbWl0OjEwO308L3N0eWxlPjwvZGVmcz48dGl0bGU+ZXhfaW5kZXhfc2NhbjwvdGl0bGU+PGxpbmUgY2xhc3M9ImNscy0xIiB4MT0iMTMuODUiIHkxPSIzNi4yMyIgeDI9IjE5LjEyIiB5Mj0iNDQuNyI+PC9saW5lPjxsaW5lIGNsYXNzPSJjbHMtMSIgeDE9IjEzLjg1IiB5MT0iMzYuMjMiIHgyPSIxOS4wOSIgeTI9IjI3LjkyIj48L2xpbmU+PGxpbmUgY2xhc3M9ImNscy0xIiB4MT0iMjcuNjQiIHkxPSI0NC4zMyIgeDI9IjM1LjY0IiB5Mj0iNTAuMjMiPjwvbGluZT48bGluZSBjbGFzcz0iY2xzLTEiIHgxPSIyNy42NCIgeTE9IjQ0LjMzIiB4Mj0iMzUuNjQiIHkyPSIzOC45MiI+PC9saW5lPjxyZWN0IGNsYXNzPSJjbHMtMiIgeD0iMTkuMjYiIHk9IjQxLjY1IiB3aWR0aD0iNy45OCIgaGVpZ2h0PSI1LjY5IiByeD0iMS41IiByeT0iMS41Ij48L3JlY3Q+PHBhdGggY2xhc3M9ImNscy0zIiBkPSJNMjUuNzUsNDIuMTVhMy41NCwzLjU0LDAsMCwxLC45LjA3aDBhMi40LDIuNCwwLDAsMSwuMS45M3YyLjY5YTMuMTgsMy4xOCwwLDAsMS0uMDguOXMtLjE5LjEtLjkyLjFoLTVhMy4xMSwzLjExLDAsMCwxLS45LS4wOGgwYTIuMjUsMi4yNSwwLDAsMS0uMS0uOTJWNDMuMTVhMy4xOCwzLjE4LDAsMCwxLC4wOC0uOXMuMTktLjEuOTItLjFoNW0wLTFoLTVjLTEuNjUsMC0yLC4zNS0yLDJ2Mi42OWMwLDEuNjUuMzUsMiwyLDJoNWMxLjY1LDAsMi0uMzUsMi0yVjQzLjE1YzAtMS42NS0uMzUtMi0yLTJaIj48L3BhdGg+PGxpbmUgY2xhc3M9ImNscy0xIiB4MT0iMjcuNjQiIHkxPSIyNy44MyIgeDI9IjM1LjY0IiB5Mj0iMzMuNzMiPjwvbGluZT48bGluZSBjbGFzcz0iY2xzLTEiIHgxPSIyNy42NCIgeTE9IjI3LjgzIiB4Mj0iMzUuNjQiIHkyPSIyMi40MiI+PC9saW5lPjxyZWN0IGNsYXNzPSJjbHMtMiIgeD0iMTkuMjYiIHk9IjI1LjE1IiB3aWR0aD0iNy45OCIgaGVpZ2h0PSI1LjY5IiByeD0iMS41IiByeT0iMS41Ij48L3JlY3Q+PHBhdGggY2xhc3M9ImNscy0zIiBkPSJNMjUuNzUsMjUuNjVhMy41NCwzLjU0LDAsMCwxLC45LjA3aDBhMi40LDIuNCwwLDAsMSwuMS45M3YyLjY5YTMuMTgsMy4xOCwwLDAsMS0uMDguOXMtLjE5LjEtLjkyLjFoLTVhMy4xMSwzLjExLDAsMCwxLS45LS4wOGgwYTIuMjUsMi4yNSwwLDAsMS0uMS0uOTJWMjYuNjVhMy4xOCwzLjE4LDAsMCwxLC4wOC0uOXMuMTktLjEuOTItLjFoNW0wLTFoLTVjLTEuNjUsMC0yLC4zNS0yLDJ2Mi42OWMwLDEuNjUuMzUsMiwyLDJoNWMxLjY1LDAsMi0uMzUsMi0yVjI2LjY1YzAtMS42NS0uMzUtMi0yLTJaIj48L3BhdGg+PHBhdGggY2xhc3M9ImNscy0yIiBkPSJNNi42MSw0MC44OWMtMS4zOCwwLTEuNS0uMTMtMS41LTEuNVYzNS4yaDh2NC4xOWMwLDEuMzctLjEzLDEuNS0xLjUsMS41WiI+PC9wYXRoPjxwYXRoIGNsYXNzPSJjbHMtMyIgZD0iTTEyLjU5LDM1Ljd2My42OWEyLjcsMi43LDAsMCwxLS4wOC45cy0uMTkuMS0uOTIuMWgtNWEzLDMsMCwwLDEtLjktLjA4aDBhMi40NSwyLjQ1LDAsMCwxLS4wOS0uOTJWMzUuN2g3bTEtMWgtOXY0LjY5YzAsMS42NS4zNSwyLDIsMmg1YzEuNjUsMCwyLS4zNSwyLTJWMzQuN1oiPjwvcGF0aD48cGF0aCBjbGFzcz0iY2xzLTQiIGQ9Ik01LjExLDM1LjI2VjMzLjA3YzAtMS4zOC4xMi0xLjUsMS41LTEuNWg1YzEuMzcsMCwxLjUuMTIsMS41LDEuNXYyLjE5WiI+PC9wYXRoPjxwYXRoIGNsYXNzPSJjbHMtNSIgZD0iTTExLjU5LDMyLjA3YTMuNTQsMy41NCwwLDAsMSwuOS4wN2gwYTIuMTYsMi4xNiwwLDAsMSwuMS45M3YxLjY5aC03VjMzLjA3YTMuNzEsMy43MSwwLDAsMSwuMDctLjksMi4xNiwyLjE2LDAsMCwxLC45My0uMWg1bTAtMWgtNWMtMS42NSwwLTIsLjM1LTIsMnYyLjY5aDlWMzMuMDdjMC0xLjY1LS4zNS0yLTItMloiPjwvcGF0aD48cGF0aCBjbGFzcz0iY2xzLTIiIGQ9Ik0zNS43NCw1My40N2MtMS4zOCwwLTEuNS0uMTItMS41LTEuNVYxOS41M0g1OC44OVY1MmMwLDEuMzgtLjEzLDEuNS0xLjUsMS41WiI+PC9wYXRoPjxwYXRoIGNsYXNzPSJjbHMtNiIgZD0iTTU4LjM5LDIwVjUyYTIuNywyLjcsMCwwLDEtLjA4LjlzLS4xOS4xLS45Mi4xSDM1Ljc0YTMuNTQsMy41NCwwLDAsMS0uOS0uMDdoMGEyLjE2LDIuMTYsMCwwLDEtLjEtLjkzVjIwSDU4LjM5bTEtMUgzMy43NFY1MmMwLDEuNjUuMzUsMiwyLDJINTcuMzljMS42NSwwLDItLjM1LDItMlYxOVoiPjwvcGF0aD48ZyBjbGFzcz0iY2xzLTciPjxsaW5lIGNsYXNzPSJjbHMtOCIgeDE9IjQyLjQ0IiB5MT0iNTIuOTciIHgyPSI0Mi40NCIgeTI9IjE5Ljk3Ij48L2xpbmU+PGxpbmUgY2xhc3M9ImNscy04IiB4MT0iNTAuNjMiIHkxPSI1Mi45NyIgeDI9IjUwLjYzIiB5Mj0iMTkuOTciPjwvbGluZT48bGluZSBjbGFzcz0iY2xzLTgiIHgxPSIzNC43MyIgeTE9IjI3Ljk3IiB4Mj0iNTguMzciIHkyPSIyNy45NyI+PC9saW5lPjxsaW5lIGNsYXNzPSJjbHMtOCIgeDE9IjM0LjczIiB5MT0iMzYuMzQiIHgyPSI1OC4zNyIgeTI9IjM2LjM0Ij48L2xpbmU+PGxpbmUgY2xhc3M9ImNscy04IiB4MT0iMzQuNzMiIHkxPSI0NC43MSIgeDI9IjU4LjM3IiB5Mj0iNDQuNzEiPjwvbGluZT48L2c+PHBhdGggY2xhc3M9ImNscy00IiBkPSJNNTAuNywxOS41M3YtOWg2LjY5YzEuMzgsMCwxLjUuMTIsMS41LDEuNXY3LjVaIj48L3BhdGg+PHBhdGggY2xhc3M9ImNscy01IiBkPSJNNTcuMzksMTFhMy40NCwzLjQ0LDAsMCwxLC45LjA3aDBhMi42MiwyLjYyLDAsMCwxLC4wOS45M3Y3SDUxLjJWMTFoNi4xOW0wLTFINTAuMlYyMGg5LjE5VjEyYzAtMS42NS0uMzUtMi0yLTJaIj48L3BhdGg+PHBhdGggY2xhc3M9ImNscy00IiBkPSJNMzQuMjMsMTkuNTNWMTJjMC0xLjM4LjEzLTEuNSwxLjUtMS41aDYuN3Y5WiI+PC9wYXRoPjxwYXRoIGNsYXNzPSJjbHMtNSIgZD0iTTQxLjkzLDExdjhoLTcuMlYxMmEzLjE4LDMuMTgsMCwwLDEsLjA4LS45LDIuMDgsMi4wOCwwLDAsMSwuOTItLjFoNi4ybTEtMWgtNy4yYy0xLjY1LDAtMiwuMzUtMiwydjhoOS4yVjEwWiI+PC9wYXRoPjxyZWN0IGNsYXNzPSJjbHMtNCIgeD0iNDIuNDUiIHk9IjEwLjUzIiB3aWR0aD0iOC4xNyIgaGVpZ2h0PSI5Ij48L3JlY3Q+PHBhdGggY2xhc3M9ImNscy01IiBkPSJNNTAuMTIsMTF2OEg0M1YxMWg3LjE3bTEtMUg0MlYyMGg5LjE3VjEwWiI+PC9wYXRoPjwvc3ZnPjwvc3ZnPg==" preserveAspectRatio="none" x="350" y="370" width="50" height="50"><title>parse: true
Node Type: Index Scan
Parent Relationship: Inner
Parallel Aware: false
Scan Direction: Forward
Index Name: tipo_ambiente_pkey
Relation Name: tipo_ambiente
Alias: tipo_ambiente
Startup Cost: 0.14
Total Cost: 8.16
Plan Rows: 1
Plan Width: 434
Index Cond: ((tipo)::text = (a.tipo)::text)
</title></image></g></g></svg>